2024-05-09 21:09:23,395 INFO  [main] com.tpe.SpringbootintroApplication:Starting SpringbootintroApplication using Java 17.0.11 on Dogu-MacBook-Air.local with PID 39935 (/Users/dogu/Desktop/TechProMaterials/SpringBoot/springbootintro/target/classes started by dogu in /Users/dogu/Desktop/TechProMaterials/SpringBoot/springbootintro)
2024-05-09 21:09:23,399 INFO  [main] com.tpe.SpringbootintroApplication:No active profile set, falling back to default profiles: default
2024-05-09 21:09:23,732 INFO  [main] org.springframework.data.repository.config.RepositoryConfigurationDelegate:Bootstrapping Spring Data JPA repositories in DEFAULT mode.
2024-05-09 21:09:23,749 INFO  [main] org.springframework.data.repository.config.RepositoryConfigurationDelegate:Finished Spring Data repository scanning in 13 ms. Found 1 JPA repository interfaces.
2024-05-09 21:09:23,980 INFO  [main] org.springframework.boot.web.embedded.tomcat.TomcatWebServer:Tomcat initialized with port(s): 8080 (http)
2024-05-09 21:09:23,983 INFO  [main] org.apache.catalina.core.StandardService:Starting service [Tomcat]
2024-05-09 21:09:23,983 INFO  [main] org.apache.catalina.core.StandardEngine:Starting Servlet engine: [Apache Tomcat/9.0.56]
2024-05-09 21:09:24,010 INFO  [main] org.apache.catalina.core.ContainerBase.[Tomcat].[localhost].[/]:Initializing Spring embedded WebApplicationContext
2024-05-09 21:09:24,010 INFO  [main] org.springframework.boot.web.servlet.context.ServletWebServerApplicationContext:Root WebApplicationContext: initialization completed in 588 ms
2024-05-09 21:09:24,117 INFO  [main] org.hibernate.jpa.internal.util.LogHelper:HHH000204: Processing PersistenceUnitInfo [name: default]
2024-05-09 21:09:24,138 INFO  [main] org.hibernate.Version:HHH000412: Hibernate ORM core version 5.6.4.Final
2024-05-09 21:09:24,202 INFO  [main] org.hibernate.annotations.common.Version:HCANN000001: Hibernate Commons Annotations {5.1.2.Final}
2024-05-09 21:09:24,238 INFO  [main] com.zaxxer.hikari.HikariDataSource:HikariPool-1 - Starting...
2024-05-09 21:09:24,344 INFO  [main] com.zaxxer.hikari.HikariDataSource:HikariPool-1 - Start completed.
2024-05-09 21:09:24,351 INFO  [main] org.hibernate.dialect.Dialect:HHH000400: Using dialect: org.hibernate.dialect.PostgreSQLDialect
2024-05-09 21:09:24,686 INFO  [main] org.hibernate.engine.transaction.jta.platform.internal.JtaPlatformInitiator:HHH000490: Using JtaPlatform implementation: [org.hibernate.engine.transaction.jta.platform.internal.NoJtaPlatform]
2024-05-09 21:09:24,689 INFO  [main] org.springframework.orm.jpa.LocalContainerEntityManagerFactoryBean:Initialized JPA EntityManagerFactory for persistence unit 'default'
2024-05-09 21:09:24,853 WARN  [main] org.springframework.boot.autoconfigure.orm.jpa.JpaBaseConfiguration$JpaWebConfiguration:spring.jpa.open-in-view is enabled by default. Therefore, database queries may be performed during view rendering. Explicitly configure spring.jpa.open-in-view to disable this warning
2024-05-09 21:09:24,997 INFO  [main] org.springframework.boot.autoconfigure.security.servlet.UserDetailsServiceAutoConfiguration:

Using generated security password: 2b6b3ec0-9f17-4fd1-b358-a1979eb8cea4

2024-05-09 21:09:25,035 INFO  [main] org.springframework.boot.actuate.endpoint.web.EndpointLinksResolver:Exposing 4 endpoint(s) beneath base path '/actuator'
2024-05-09 21:09:25,040 INFO  [main] org.springframework.security.web.DefaultSecurityFilterChain:Will secure any request with [org.springframework.security.web.context.request.async.WebAsyncManagerIntegrationFilter@3b850bb7, org.springframework.security.web.context.SecurityContextPersistenceFilter@6a26eee6, org.springframework.security.web.header.HeaderWriterFilter@e76134d, org.springframework.web.filter.CorsFilter@6802c10e, org.springframework.security.web.csrf.CsrfFilter@78f1d29, org.springframework.security.web.authentication.logout.LogoutFilter@57466fb7, org.springframework.security.web.authentication.UsernamePasswordAuthenticationFilter@5ace6611, org.springframework.security.web.authentication.ui.DefaultLoginPageGeneratingFilter@39b9dc35, org.springframework.security.web.authentication.ui.DefaultLogoutPageGeneratingFilter@341889a1, org.springframework.security.web.authentication.www.BasicAuthenticationFilter@3dbf3bc, org.springframework.security.web.savedrequest.RequestCacheAwareFilter@76bdfc19, org.springframework.security.web.servletapi.SecurityContextHolderAwareRequestFilter@1248f83, org.springframework.security.web.authentication.AnonymousAuthenticationFilter@29693b1d, org.springframework.security.web.session.SessionManagementFilter@7b38db21, org.springframework.security.web.access.ExceptionTranslationFilter@2dbf8cfc, org.springframework.security.web.access.intercept.FilterSecurityInterceptor@705eb026]
2024-05-09 21:09:25,074 INFO  [main] org.springframework.boot.web.embedded.tomcat.TomcatWebServer:Tomcat started on port(s): 8080 (http) with context path ''
2024-05-09 21:09:25,084 INFO  [main] com.tpe.SpringbootintroApplication:Started SpringbootintroApplication in 1.889 seconds (JVM running for 2.086)
2024-05-09 21:10:17,692 INFO  [http-nio-8080-exec-1] org.apache.catalina.core.ContainerBase.[Tomcat].[localhost].[/]:Initializing Spring DispatcherServlet 'dispatcherServlet'
2024-05-09 21:13:53,225 INFO  [SpringApplicationShutdownHook] org.springframework.orm.jpa.LocalContainerEntityManagerFactoryBean:Closing JPA EntityManagerFactory for persistence unit 'default'
2024-05-09 21:13:53,226 INFO  [SpringApplicationShutdownHook] com.zaxxer.hikari.HikariDataSource:HikariPool-1 - Shutdown initiated...
2024-05-09 21:13:53,227 INFO  [SpringApplicationShutdownHook] com.zaxxer.hikari.HikariDataSource:HikariPool-1 - Shutdown completed.
2024-05-09 21:13:55,340 INFO  [main] com.tpe.SpringbootintroApplication:Starting SpringbootintroApplication using Java 17.0.11 on Dogu-MacBook-Air.local with PID 40034 (/Users/dogu/Desktop/TechProMaterials/SpringBoot/springbootintro/target/classes started by dogu in /Users/dogu/Desktop/TechProMaterials/SpringBoot/springbootintro)
2024-05-09 21:13:55,340 INFO  [main] com.tpe.SpringbootintroApplication:No active profile set, falling back to default profiles: default
2024-05-09 21:13:55,673 INFO  [main] org.springframework.data.repository.config.RepositoryConfigurationDelegate:Bootstrapping Spring Data JPA repositories in DEFAULT mode.
2024-05-09 21:13:55,689 INFO  [main] org.springframework.data.repository.config.RepositoryConfigurationDelegate:Finished Spring Data repository scanning in 13 ms. Found 1 JPA repository interfaces.
2024-05-09 21:13:55,909 INFO  [main] org.springframework.boot.web.embedded.tomcat.TomcatWebServer:Tomcat initialized with port(s): 8080 (http)
2024-05-09 21:13:55,913 INFO  [main] org.apache.catalina.core.StandardService:Starting service [Tomcat]
2024-05-09 21:13:55,913 INFO  [main] org.apache.catalina.core.StandardEngine:Starting Servlet engine: [Apache Tomcat/9.0.56]
2024-05-09 21:13:55,938 INFO  [main] org.apache.catalina.core.ContainerBase.[Tomcat].[localhost].[/]:Initializing Spring embedded WebApplicationContext
2024-05-09 21:13:55,939 INFO  [main] org.springframework.boot.web.servlet.context.ServletWebServerApplicationContext:Root WebApplicationContext: initialization completed in 572 ms
2024-05-09 21:13:56,035 INFO  [main] org.hibernate.jpa.internal.util.LogHelper:HHH000204: Processing PersistenceUnitInfo [name: default]
2024-05-09 21:13:56,051 INFO  [main] org.hibernate.Version:HHH000412: Hibernate ORM core version 5.6.4.Final
2024-05-09 21:13:56,104 INFO  [main] org.hibernate.annotations.common.Version:HCANN000001: Hibernate Commons Annotations {5.1.2.Final}
2024-05-09 21:13:56,134 INFO  [main] com.zaxxer.hikari.HikariDataSource:HikariPool-1 - Starting...
2024-05-09 21:13:56,222 INFO  [main] com.zaxxer.hikari.HikariDataSource:HikariPool-1 - Start completed.
2024-05-09 21:13:56,228 INFO  [main] org.hibernate.dialect.Dialect:HHH000400: Using dialect: org.hibernate.dialect.PostgreSQLDialect
2024-05-09 21:13:56,490 INFO  [main] org.hibernate.engine.transaction.jta.platform.internal.JtaPlatformInitiator:HHH000490: Using JtaPlatform implementation: [org.hibernate.engine.transaction.jta.platform.internal.NoJtaPlatform]
2024-05-09 21:13:56,493 INFO  [main] org.springframework.orm.jpa.LocalContainerEntityManagerFactoryBean:Initialized JPA EntityManagerFactory for persistence unit 'default'
2024-05-09 21:13:56,656 WARN  [main] org.springframework.boot.autoconfigure.orm.jpa.JpaBaseConfiguration$JpaWebConfiguration:spring.jpa.open-in-view is enabled by default. Therefore, database queries may be performed during view rendering. Explicitly configure spring.jpa.open-in-view to disable this warning
2024-05-09 21:13:56,791 INFO  [main] org.springframework.boot.autoconfigure.security.servlet.UserDetailsServiceAutoConfiguration:

Using generated security password: c4071bf8-28f5-4816-9e40-8ee44d21c165

2024-05-09 21:13:56,826 INFO  [main] org.springframework.boot.actuate.endpoint.web.EndpointLinksResolver:Exposing 4 endpoint(s) beneath base path '/actuator'
2024-05-09 21:13:56,831 INFO  [main] org.springframework.security.web.DefaultSecurityFilterChain:Will secure any request with [org.springframework.security.web.context.request.async.WebAsyncManagerIntegrationFilter@763ddfc3, org.springframework.security.web.context.SecurityContextPersistenceFilter@ecfff32, org.springframework.security.web.header.HeaderWriterFilter@66576bd2, org.springframework.web.filter.CorsFilter@7010c9e4, org.springframework.security.web.csrf.CsrfFilter@106f2425, org.springframework.security.web.authentication.logout.LogoutFilter@6a26eee6, org.springframework.security.web.authentication.UsernamePasswordAuthenticationFilter@64de9fa4, org.springframework.security.web.authentication.ui.DefaultLoginPageGeneratingFilter@13bf5fd, org.springframework.security.web.authentication.ui.DefaultLogoutPageGeneratingFilter@28befd62, org.springframework.security.web.authentication.www.BasicAuthenticationFilter@78141c58, org.springframework.security.web.savedrequest.RequestCacheAwareFilter@c247b02, org.springframework.security.web.servletapi.SecurityContextHolderAwareRequestFilter@78f1d29, org.springframework.security.web.authentication.AnonymousAuthenticationFilter@10f60e36, org.springframework.security.web.session.SessionManagementFilter@7f09ff10, org.springframework.security.web.access.ExceptionTranslationFilter@5e8e02a3, org.springframework.security.web.access.intercept.FilterSecurityInterceptor@1693d505]
2024-05-09 21:13:56,860 INFO  [main] org.springframework.boot.web.embedded.tomcat.TomcatWebServer:Tomcat started on port(s): 8080 (http) with context path ''
2024-05-09 21:13:56,870 INFO  [main] com.tpe.SpringbootintroApplication:Started SpringbootintroApplication in 1.728 seconds (JVM running for 1.901)
2024-05-09 21:14:06,162 INFO  [http-nio-8080-exec-1] org.apache.catalina.core.ContainerBase.[Tomcat].[localhost].[/]:Initializing Spring DispatcherServlet 'dispatcherServlet'
2024-05-09 21:15:04,647 INFO  [SpringApplicationShutdownHook] org.springframework.orm.jpa.LocalContainerEntityManagerFactoryBean:Closing JPA EntityManagerFactory for persistence unit 'default'
2024-05-09 21:15:04,648 INFO  [SpringApplicationShutdownHook] com.zaxxer.hikari.HikariDataSource:HikariPool-1 - Shutdown initiated...
2024-05-09 21:15:04,649 INFO  [SpringApplicationShutdownHook] com.zaxxer.hikari.HikariDataSource:HikariPool-1 - Shutdown completed.
2024-05-09 21:15:13,988 INFO  [main] com.tpe.SpringbootintroApplication:Starting SpringbootintroApplication using Java 17.0.11 on Dogu-MacBook-Air.local with PID 40079 (/Users/dogu/Desktop/TechProMaterials/SpringBoot/springbootintro/target/classes started by dogu in /Users/dogu/Desktop/TechProMaterials/SpringBoot/springbootintro)
2024-05-09 21:15:13,989 INFO  [main] com.tpe.SpringbootintroApplication:No active profile set, falling back to default profiles: default
2024-05-09 21:15:14,323 INFO  [main] org.springframework.data.repository.config.RepositoryConfigurationDelegate:Bootstrapping Spring Data JPA repositories in DEFAULT mode.
2024-05-09 21:15:14,341 INFO  [main] org.springframework.data.repository.config.RepositoryConfigurationDelegate:Finished Spring Data repository scanning in 14 ms. Found 1 JPA repository interfaces.
2024-05-09 21:15:14,561 INFO  [main] org.springframework.boot.web.embedded.tomcat.TomcatWebServer:Tomcat initialized with port(s): 8080 (http)
2024-05-09 21:15:14,564 INFO  [main] org.apache.catalina.core.StandardService:Starting service [Tomcat]
2024-05-09 21:15:14,564 INFO  [main] org.apache.catalina.core.StandardEngine:Starting Servlet engine: [Apache Tomcat/9.0.56]
2024-05-09 21:15:14,589 INFO  [main] org.apache.catalina.core.ContainerBase.[Tomcat].[localhost].[/]:Initializing Spring embedded WebApplicationContext
2024-05-09 21:15:14,589 INFO  [main] org.springframework.boot.web.servlet.context.ServletWebServerApplicationContext:Root WebApplicationContext: initialization completed in 577 ms
2024-05-09 21:15:14,681 INFO  [main] org.hibernate.jpa.internal.util.LogHelper:HHH000204: Processing PersistenceUnitInfo [name: default]
2024-05-09 21:15:14,698 INFO  [main] org.hibernate.Version:HHH000412: Hibernate ORM core version 5.6.4.Final
2024-05-09 21:15:14,750 INFO  [main] org.hibernate.annotations.common.Version:HCANN000001: Hibernate Commons Annotations {5.1.2.Final}
2024-05-09 21:15:14,840 INFO  [main] com.zaxxer.hikari.HikariDataSource:HikariPool-1 - Starting...
2024-05-09 21:15:14,924 INFO  [main] com.zaxxer.hikari.HikariDataSource:HikariPool-1 - Start completed.
2024-05-09 21:15:14,931 INFO  [main] org.hibernate.dialect.Dialect:HHH000400: Using dialect: org.hibernate.dialect.PostgreSQLDialect
2024-05-09 21:15:15,177 INFO  [main] org.hibernate.engine.transaction.jta.platform.internal.JtaPlatformInitiator:HHH000490: Using JtaPlatform implementation: [org.hibernate.engine.transaction.jta.platform.internal.NoJtaPlatform]
2024-05-09 21:15:15,183 INFO  [main] org.springframework.orm.jpa.LocalContainerEntityManagerFactoryBean:Initialized JPA EntityManagerFactory for persistence unit 'default'
2024-05-09 21:15:15,343 WARN  [main] org.springframework.boot.autoconfigure.orm.jpa.JpaBaseConfiguration$JpaWebConfiguration:spring.jpa.open-in-view is enabled by default. Therefore, database queries may be performed during view rendering. Explicitly configure spring.jpa.open-in-view to disable this warning
2024-05-09 21:15:15,540 INFO  [main] org.springframework.boot.autoconfigure.security.servlet.UserDetailsServiceAutoConfiguration:

Using generated security password: 8ec97acb-8141-4ec9-af4f-af000c53e3d9

2024-05-09 21:15:15,576 INFO  [main] org.springframework.boot.actuate.endpoint.web.EndpointLinksResolver:Exposing 4 endpoint(s) beneath base path '/actuator'
2024-05-09 21:15:15,581 INFO  [main] org.springframework.security.web.DefaultSecurityFilterChain:Will secure any request with [org.springframework.security.web.context.request.async.WebAsyncManagerIntegrationFilter@641c8ba4, org.springframework.security.web.context.SecurityContextPersistenceFilter@2dbf8cfc, org.springframework.security.web.header.HeaderWriterFilter@579ee82, org.springframework.web.filter.CorsFilter@52667676, org.springframework.security.web.csrf.CsrfFilter@51bc649e, org.springframework.security.web.authentication.logout.LogoutFilter@6689bf04, org.springframework.security.web.authentication.UsernamePasswordAuthenticationFilter@612531a3, org.springframework.security.web.authentication.ui.DefaultLoginPageGeneratingFilter@76bdfc19, org.springframework.security.web.authentication.ui.DefaultLogoutPageGeneratingFilter@75559cd9, org.springframework.security.web.authentication.www.BasicAuthenticationFilter@21f0cc97, org.springframework.security.web.savedrequest.RequestCacheAwareFilter@e76134d, org.springframework.security.web.servletapi.SecurityContextHolderAwareRequestFilter@2a317af7, org.springframework.security.web.authentication.AnonymousAuthenticationFilter@39a09c0, org.springframework.security.web.session.SessionManagementFilter@6c3884f5, org.springframework.security.web.access.ExceptionTranslationFilter@f6e3b67, org.springframework.security.web.access.intercept.FilterSecurityInterceptor@3da55998]
2024-05-09 21:15:15,612 INFO  [main] org.springframework.boot.web.embedded.tomcat.TomcatWebServer:Tomcat started on port(s): 8080 (http) with context path ''
2024-05-09 21:15:15,622 INFO  [main] com.tpe.SpringbootintroApplication:Started SpringbootintroApplication in 1.818 seconds (JVM running for 1.996)
2024-05-09 21:15:22,377 INFO  [http-nio-8080-exec-1] org.apache.catalina.core.ContainerBase.[Tomcat].[localhost].[/]:Initializing Spring DispatcherServlet 'dispatcherServlet'
2024-05-09 21:21:21,131 INFO  [SpringApplicationShutdownHook] org.springframework.orm.jpa.LocalContainerEntityManagerFactoryBean:Closing JPA EntityManagerFactory for persistence unit 'default'
2024-05-09 21:21:21,134 INFO  [SpringApplicationShutdownHook] com.zaxxer.hikari.HikariDataSource:HikariPool-1 - Shutdown initiated...
2024-05-09 21:21:21,143 INFO  [SpringApplicationShutdownHook] com.zaxxer.hikari.HikariDataSource:HikariPool-1 - Shutdown completed.
